Guns_Horses/app/build/intermediates/manifest_merge_blame_file/debug/manifest-merger-blame-debug-report.txt
1<?xml version="1.0" encoding="utf-8"?>
2<manifest xmlns:android="http://schemas.android.com/apk/res/android"
3    package="com.ibm.guns_horses"
4    android:versionCode="1"
5    android:versionName="1.0" >
6
7    <uses-sdk
8        android:minSdkVersion="27"
8-->src\main\AndroidManifest.xml
9        android:targetSdkVersion="29" />
9-->src\main\AndroidManifest.xml
10
11    <application
11-->src\main\AndroidManifest.xml:5:5-30:19
12        android:allowBackup="true"
12-->src\main\AndroidManifest.xml:6:9-35
13        android:appComponentFactory="androidx.core.app.CoreComponentFactory"
13-->[androidx.core:core:1.2.0] AndroidManifest.xml:24:18-86
14        android:debuggable="true"
15        android:extractNativeLibs="false"
16        android:icon="@mipmap/ic_launcher"
16-->src\main\AndroidManifest.xml:7:9-43
17        android:label="@string/app_name"
17-->src\main\AndroidManifest.xml:8:9-41
18        android:roundIcon="@mipmap/ic_launcher_round"
18-->src\main\AndroidManifest.xml:9:9-54
19        android:supportsRtl="true"
19-->src\main\AndroidManifest.xml:10:9-35
20        android:testOnly="true"
21        android:theme="@style/AppTheme" >
21-->src\main\AndroidManifest.xml:11:9-40
22        <activity
22-->src\main\AndroidManifest.xml:12:9-16:20
23            android:name="com.ibm.guns_horses.ArmyGuns"
23-->src\main\AndroidManifest.xml:13:13-36
24            android:label="ARMY Guns!!!" >
24-->src\main\AndroidManifest.xml:15:13-41
25        </activity>
26        <activity
26-->src\main\AndroidManifest.xml:17:9-19:38
27            android:name="com.ibm.guns_horses.ArmyActivity"
27-->src\main\AndroidManifest.xml:18:13-40
28            android:label="ARMY!!!" />
28-->src\main\AndroidManifest.xml:19:13-36
29        <activity
29-->src\main\AndroidManifest.xml:20:9-22:38
30            android:name="com.ibm.guns_horses.NavyActivity"
30-->src\main\AndroidManifest.xml:21:13-41
31            android:label="ARMY!!!" />
31-->src\main\AndroidManifest.xml:22:13-36
32        <activity android:name="com.ibm.guns_horses.MainActivity" >
32-->src\main\AndroidManifest.xml:23:9-29:20
32-->src\main\AndroidManifest.xml:23:19-47
33            <intent-filter>
33-->src\main\AndroidManifest.xml:24:13-28:29
34                <action android:name="android.intent.action.MAIN" />
34-->src\main\AndroidManifest.xml:25:17-69
34-->src\main\AndroidManifest.xml:25:25-66
35
36                <category android:name="android.intent.category.LAUNCHER" />
36-->src\main\AndroidManifest.xml:27:17-77
36-->src\main\AndroidManifest.xml:27:27-74
37            </intent-filter>
38        </activity>
39    </application>
40
41</manifest>